17:53:34.666  INFO  manager.ApplicationManager - Current URL ---> https://ilcarro-1578153671498.web.app/search
17:53:34.744  INFO  tests.TestBase - Start method with name ->>addNewCarSuccess
17:53:39.790  INFO  manager.MyListener - WebDriver starts find element ---> By.xpath: //a[text()=' Log in ']
17:53:39.937  INFO  manager.MyListener - WebDriver starts find element ---> By.id: email
17:53:40.341  INFO  manager.MyListener - WebDriver starts find element ---> By.id: password
17:53:40.613  INFO  manager.MyListener - WebDriver starts find element ---> By.cssSelector: button[type='submit']
17:53:40.768  INFO  manager.MyListener - WebDriver starts find element ---> By.cssSelector: button[type='submit']
17:53:41.920  INFO  manager.MyListener - WebDriver starts find element ---> By.xpath: //button[text()='Ok']
17:53:42.098  INFO  tests.TestBase - Car is -> Car(address=Haifa, Israel, make=BMW, model=M5, year=2021, engine=2.5, fuel=Petrol, gear=AT, wD=AWD, doors=5, seats=4, clasS=C, fuelConsunption=6.5, carRegNumber=22-3331754, price=65, distanceIncluded=800, features=type of features, about=Very nice car)
17:53:43.104  INFO  manager.MyListener - WebDriver starts find element ---> By.id: 1
17:53:43.281  INFO  manager.MyListener - WebDriver starts find element ---> By.id: pickUpPlace
17:53:43.550  INFO  manager.MyListener - WebDriver starts find element ---> By.cssSelector: div.pac-item
17:53:44.802  INFO  manager.MyListener - WebDriver starts find element ---> By.id: make
17:53:45.047  INFO  manager.MyListener - WebDriver starts find element ---> By.id: model
17:53:45.343  INFO  manager.MyListener - WebDriver starts find element ---> By.id: year
17:53:45.649  INFO  manager.MyListener - WebDriver starts find element ---> By.id: engine
17:53:45.885  INFO  manager.MyListener - WebDriver starts find element ---> By.id: fuel
17:53:45.952  INFO  manager.MyListener - new before find by -->By.xpath: .//option[@value = "Petrol"]
17:53:45.987  INFO  manager.MyListener - WebDriver start found element by locator -->By.xpath: .//option[@value = "Petrol"]
17:53:46.040  INFO  manager.MyListener - WebDriver starts find element ---> By.id: gear
17:53:46.100  INFO  manager.MyListener - new before find by -->By.xpath: .//option[@value = "AT"]
17:53:46.143  INFO  manager.MyListener - WebDriver start found element by locator -->By.xpath: .//option[@value = "AT"]
17:53:46.209  INFO  manager.MyListener - WebDriver starts find element ---> By.id: wheelsDrive
17:53:46.277  INFO  manager.MyListener - new before find by -->By.xpath: .//option[@value = "AWD"]
17:53:46.319  INFO  manager.MyListener - WebDriver start found element by locator -->By.xpath: .//option[@value = "AWD"]
17:53:46.374  INFO  manager.MyListener - WebDriver starts find element ---> By.id: doors
17:53:46.607  INFO  manager.MyListener - WebDriver starts find element ---> By.id: seats
17:53:46.852  INFO  manager.MyListener - WebDriver starts find element ---> By.id: class
17:53:47.052  INFO  manager.MyListener - WebDriver starts find element ---> By.id: fuelConsumption
17:53:47.282  INFO  manager.MyListener - WebDriver starts find element ---> By.id: serialNumber
17:53:47.503  INFO  manager.MyListener - WebDriver starts find element ---> By.id: price
17:53:47.748  INFO  manager.MyListener - WebDriver starts find element ---> By.id: distance
17:53:48.001  INFO  manager.MyListener - WebDriver starts find element ---> By.cssSelector: input[placeholder='Type feature']
17:53:48.234  INFO  manager.MyListener - WebDriver starts find element ---> By.id: about
17:53:48.415  INFO  manager.MyListener - WebDriver starts find element ---> By.id: photos
17:53:48.513  INFO  manager.MyListener - WebDriver starts find element ---> By.cssSelector: button[type='submit']
17:53:53.660  INFO  manager.MyListener - WebDriver starts find element ---> By.xpath: //button[text()='Search cars']
17:53:58.739  INFO  manager.MyListener - The name of method with error ->>>findElement
17:53:58.740  INFO  manager.MyListener - We have a problemorg.openqa.selenium.NoSuchElementException: no such element: Unable to locate element: {"method":"xpath","selector":"//button[text()='Search cars']"}
  (Session info: chrome=103.0.5060.134)
For documentation on this error, please visit: https://selenium.dev/exceptions/#no_such_element
Build info: version: '4.2.2', revision: '683ccb65d6'
System info: host: 'LAPTOP-GAODKJDU', ip: '192.168.1.14', os.name: 'Windows 11', os.arch: 'amd64', os.version: '10.0', java.version: '11.0.15.1'
Driver info: org.openqa.selenium.chrome.ChromeDriver
Command: [ce6b337beb7b5a85a87bac72e1963b88, findElement {using=xpath, value=//button[text()='Search cars']}]
Capabilities {acceptInsecureCerts: false, browserName: chrome, browserVersion: 103.0.5060.134, chrome: {chromedriverVersion: 103.0.5060.53 (a1711811edd7..., userDataDir: C:\Users\Dmitrii\AppData\Lo...}, goog:chromeOptions: {debuggerAddress: localhost:63552}, networkConnectionEnabled: false, pageLoadStrategy: normal, platformName: WINDOWS, proxy: Proxy(), se:cdp: ws://localhost:63552/devtoo..., se:cdpVersion: 103.0.5060.134, setWindowRect: true, strictFileInteractability: false, timeouts: {implicit: 0, pageLoad: 300000, script: 30000}, unhandledPromptBehavior: dismiss and notify, webauthn:extension:credBlob: true, webauthn:extension:largeBlob: true, webauthn:virtualAuthenticators: true}
Session ID: ce6b337beb7b5a85a87bac72e1963b88
17:53:58.750  INFO  tests.TestBase - Start method with name ->>loginNegativeTestsWrongEmail
17:53:58.795  INFO  manager.MyListener - WebDriver starts find element ---> By.xpath: //a[text()=' Logout ']
17:53:58.952  INFO  manager.MyListener - WebDriver starts find element ---> By.xpath: //a[text()=' Log in ']
17:54:00.111  INFO  manager.MyListener - The name of method with error ->>>click
17:54:00.112  INFO  manager.MyListener - We have a problemorg.openqa.selenium.ElementClickInterceptedException: element click intercepted: Element <a _ngcontent-qli-c25="" class="navigation-link ng-star-inserted" href="/login?url=%2Flet-car-work">...</a> is not clickable at point (1080, 9). Other element would receive the click: <div _ngcontent-qli-c81="" class="car-card">...</div>
  (Session info: chrome=103.0.5060.134)
Build info: version: '4.2.2', revision: '683ccb65d6'
System info: host: 'LAPTOP-GAODKJDU', ip: '192.168.1.14', os.name: 'Windows 11', os.arch: 'amd64', os.version: '10.0', java.version: '11.0.15.1'
Driver info: org.openqa.selenium.chrome.ChromeDriver
Command: [ce6b337beb7b5a85a87bac72e1963b88, clickElement {id=cb8c8590-5a04-4b9a-ae99-28d6ab1f0067}]
Capabilities {acceptInsecureCerts: false, browserName: chrome, browserVersion: 103.0.5060.134, chrome: {chromedriverVersion: 103.0.5060.53 (a1711811edd7..., userDataDir: C:\Users\Dmitrii\AppData\Lo...}, goog:chromeOptions: {debuggerAddress: localhost:63552}, networkConnectionEnabled: false, pageLoadStrategy: normal, platformName: WINDOWS, proxy: Proxy(), se:cdp: ws://localhost:63552/devtoo..., se:cdpVersion: 103.0.5060.134, setWindowRect: true, strictFileInteractability: false, timeouts: {implicit: 0, pageLoad: 300000, script: 30000}, unhandledPromptBehavior: dismiss and notify, webauthn:extension:credBlob: true, webauthn:extension:largeBlob: true, webauthn:virtualAuthenticators: true}
Element: [[ChromeDriver: chrome on WINDOWS (ce6b337beb7b5a85a87bac72e1963b88)] -> xpath: //a[text()=' Log in ']]
Session ID: ce6b337beb7b5a85a87bac72e1963b88
17:54:05.158  INFO  tests.TestBase - Start method with name ->>loginSuccess
17:54:10.209  INFO  tests.TestBase - Test start with email: d020797@gmail.com & password: Ww12345$
17:54:10.210  INFO  manager.MyListener - WebDriver starts find element ---> By.xpath: //a[text()=' Log in ']
17:54:10.330  INFO  manager.MyListener - WebDriver starts find element ---> By.id: email
17:54:15.397  INFO  manager.MyListener - WebDriver starts find element ---> By.id: password
17:54:27.604  INFO  manager.MyListener - The name of method with error ->>>findElement
17:54:27.605  INFO  manager.MyListener - We have a problemorg.openqa.selenium.WebDriverException: chrome not reachable
  (Session info: chrome=103.0.5060.134)
Build info: version: '4.2.2', revision: '683ccb65d6'
System info: host: 'LAPTOP-GAODKJDU', ip: '192.168.1.14', os.name: 'Windows 11', os.arch: 'amd64', os.version: '10.0', java.version: '11.0.15.1'
Driver info: org.openqa.selenium.chrome.ChromeDriver
Command: [ce6b337beb7b5a85a87bac72e1963b88, findElement {using=id, value=password}]
Capabilities {acceptInsecureCerts: false, browserName: chrome, browserVersion: 103.0.5060.134, chrome: {chromedriverVersion: 103.0.5060.53 (a1711811edd7..., userDataDir: C:\Users\Dmitrii\AppData\Lo...}, goog:chromeOptions: {debuggerAddress: localhost:63552}, networkConnectionEnabled: false, pageLoadStrategy: normal, platformName: WINDOWS, proxy: Proxy(), se:cdp: ws://localhost:63552/devtoo..., se:cdpVersion: 103.0.5060.134, setWindowRect: true, strictFileInteractability: false, timeouts: {implicit: 0, pageLoad: 300000, script: 30000}, unhandledPromptBehavior: dismiss and notify, webauthn:extension:credBlob: true, webauthn:extension:largeBlob: true, webauthn:virtualAuthenticators: true}
Session ID: ce6b337beb7b5a85a87bac72e1963b88
17:54:39.812  INFO  manager.MyListener - The name of method with error ->>>findElements
17:54:39.813  INFO  manager.MyListener - We have a problemorg.openqa.selenium.WebDriverException: chrome not reachable
  (Session info: chrome=103.0.5060.134)
Build info: version: '4.2.2', revision: '683ccb65d6'
System info: host: 'LAPTOP-GAODKJDU', ip: '192.168.1.14', os.name: 'Windows 11', os.arch: 'amd64', os.version: '10.0', java.version: '11.0.15.1'
Driver info: org.openqa.selenium.chrome.ChromeDriver
Command: [ce6b337beb7b5a85a87bac72e1963b88, findElements {using=xpath, value=//button[text()='Ok']}]
Capabilities {acceptInsecureCerts: false, browserName: chrome, browserVersion: 103.0.5060.134, chrome: {chromedriverVersion: 103.0.5060.53 (a1711811edd7..., userDataDir: C:\Users\Dmitrii\AppData\Lo...}, goog:chromeOptions: {debuggerAddress: localhost:63552}, networkConnectionEnabled: false, pageLoadStrategy: normal, platformName: WINDOWS, proxy: Proxy(), se:cdp: ws://localhost:63552/devtoo..., se:cdpVersion: 103.0.5060.134, setWindowRect: true, strictFileInteractability: false, timeouts: {implicit: 0, pageLoad: 300000, script: 30000}, unhandledPromptBehavior: dismiss and notify, webauthn:extension:credBlob: true, webauthn:extension:largeBlob: true, webauthn:virtualAuthenticators: true}
Session ID: ce6b337beb7b5a85a87bac72e1963b88
17:54:39.853  INFO  tests.TestBase - Start method with name ->>registrationSuccess2
