20:13:19.126  INFO  manager.ApplicationManager - Current URL ---> https://ilcarro-1578153671498.web.app/search
20:13:19.168  INFO  tests.TestBase - Start method with name ->>loginNegativeTestsWrongEmail
20:13:24.238  INFO  manager.MyListener - WebDriver starts find element ---> By.xpath: //a[text()=' Log in ']
20:13:24.354  INFO  manager.MyListener - WebDriver starts find element ---> By.id: email
20:13:30.378  INFO  tests.TestBase - Start method with name ->>loginSuccess
20:13:35.457  INFO  tests.TestBase - Test start with email: d020797@gmail.com & password: Ww12345$
20:13:35.457  INFO  manager.MyListener - WebDriver starts find element ---> By.xpath: //a[text()=' Log in ']
20:13:35.537  INFO  manager.MyListener - WebDriver starts find element ---> By.id: email
20:13:41.326  INFO  tests.TestBase - Start method with name ->>loginSuccess
20:13:46.381  INFO  tests.TestBase - Test start with email: sonya@gmail.com & password: Ss12345$
20:13:46.382  INFO  manager.MyListener - WebDriver starts find element ---> By.xpath: //a[text()=' Log in ']
20:13:46.449  INFO  manager.MyListener - WebDriver starts find element ---> By.id: email
20:13:52.208  INFO  tests.TestBase - Start method with name ->>loginSuccess
20:13:57.255  INFO  tests.TestBase - Test start with email: d020797@gmail.com & password: Ww12345$
20:13:57.256  INFO  manager.MyListener - WebDriver starts find element ---> By.xpath: //a[text()=' Log in ']
20:13:57.320  INFO  manager.MyListener - WebDriver starts find element ---> By.id: email
20:13:59.590  INFO  tests.TestBase - Start method with name ->>loginSuccess
20:13:59.620  INFO  manager.MyListener - The name of method with error ->>>findElements
20:13:59.627  INFO  manager.MyListener - We have a problemorg.openqa.selenium.NoSuchWindowException: no such window: target window already closed
from unknown error: web view not found
  (Session info: chrome=103.0.5060.134)
Build info: version: '4.2.2', revision: '683ccb65d6'
System info: host: 'LAPTOP-GAODKJDU', ip: '192.168.1.14', os.name: 'Windows 11', os.arch: 'amd64', os.version: '10.0', java.version: '11.0.15.1'
Driver info: org.openqa.selenium.chrome.ChromeDriver
Command: [27aaea7ddd51f4b410d01dbfda3f6b6b, findElements {using=xpath, value=//a[text()=' Logout ']}]
Capabilities {acceptInsecureCerts: false, browserName: chrome, browserVersion: 103.0.5060.134, chrome: {chromedriverVersion: 103.0.5060.134 (8ec6fce403b..., userDataDir: C:\Users\Dmitrii\AppData\Lo...}, goog:chromeOptions: {debuggerAddress: localhost:61543}, networkConnectionEnabled: false, pageLoadStrategy: normal, platformName: WINDOWS, proxy: Proxy(), se:cdp: ws://localhost:61543/devtoo..., se:cdpVersion: 103.0.5060.134, setWindowRect: true, strictFileInteractability: false, timeouts: {implicit: 0, pageLoad: 300000, script: 30000}, unhandledPromptBehavior: dismiss and notify, webauthn:extension:credBlob: true, webauthn:extension:largeBlob: true, webauthn:virtualAuthenticators: true}
Session ID: 27aaea7ddd51f4b410d01dbfda3f6b6b
20:13:59.640  INFO  manager.MyListener - The name of method with error ->>>findElements
20:13:59.640  INFO  manager.MyListener - We have a problemorg.openqa.selenium.NoSuchWindowException: no such window: target window already closed
from unknown error: web view not found
  (Session info: chrome=103.0.5060.134)
Build info: version: '4.2.2', revision: '683ccb65d6'
System info: host: 'LAPTOP-GAODKJDU', ip: '192.168.1.14', os.name: 'Windows 11', os.arch: 'amd64', os.version: '10.0', java.version: '11.0.15.1'
Driver info: org.openqa.selenium.chrome.ChromeDriver
Command: [27aaea7ddd51f4b410d01dbfda3f6b6b, findElements {using=xpath, value=//button[text()='Ok']}]
Capabilities {acceptInsecureCerts: false, browserName: chrome, browserVersion: 103.0.5060.134, chrome: {chromedriverVersion: 103.0.5060.134 (8ec6fce403b..., userDataDir: C:\Users\Dmitrii\AppData\Lo...}, goog:chromeOptions: {debuggerAddress: localhost:61543}, networkConnectionEnabled: false, pageLoadStrategy: normal, platformName: WINDOWS, proxy: Proxy(), se:cdp: ws://localhost:61543/devtoo..., se:cdpVersion: 103.0.5060.134, setWindowRect: true, strictFileInteractability: false, timeouts: {implicit: 0, pageLoad: 300000, script: 30000}, unhandledPromptBehavior: dismiss and notify, webauthn:extension:credBlob: true, webauthn:extension:largeBlob: true, webauthn:virtualAuthenticators: true}
Session ID: 27aaea7ddd51f4b410d01dbfda3f6b6b
20:13:59.644  INFO  tests.TestBase - Start method with name ->>loginSuccess2
20:13:59.653  INFO  manager.MyListener - The name of method with error ->>>findElements
20:13:59.653  INFO  manager.MyListener - We have a problemorg.openqa.selenium.NoSuchWindowException: no such window: target window already closed
from unknown error: web view not found
  (Session info: chrome=103.0.5060.134)
Build info: version: '4.2.2', revision: '683ccb65d6'
System info: host: 'LAPTOP-GAODKJDU', ip: '192.168.1.14', os.name: 'Windows 11', os.arch: 'amd64', os.version: '10.0', java.version: '11.0.15.1'
Driver info: org.openqa.selenium.chrome.ChromeDriver
Command: [27aaea7ddd51f4b410d01dbfda3f6b6b, findElements {using=xpath, value=//a[text()=' Logout ']}]
Capabilities {acceptInsecureCerts: false, browserName: chrome, browserVersion: 103.0.5060.134, chrome: {chromedriverVersion: 103.0.5060.134 (8ec6fce403b..., userDataDir: C:\Users\Dmitrii\AppData\Lo...}, goog:chromeOptions: {debuggerAddress: localhost:61543}, networkConnectionEnabled: false, pageLoadStrategy: normal, platformName: WINDOWS, proxy: Proxy(), se:cdp: ws://localhost:61543/devtoo..., se:cdpVersion: 103.0.5060.134, setWindowRect: true, strictFileInteractability: false, timeouts: {implicit: 0, pageLoad: 300000, script: 30000}, unhandledPromptBehavior: dismiss and notify, webauthn:extension:credBlob: true, webauthn:extension:largeBlob: true, webauthn:virtualAuthenticators: true}
Session ID: 27aaea7ddd51f4b410d01dbfda3f6b6b
20:13:59.672  INFO  manager.MyListener - The name of method with error ->>>findElements
20:13:59.672  INFO  manager.MyListener - We have a problemorg.openqa.selenium.NoSuchWindowException: no such window: target window already closed
from unknown error: web view not found
  (Session info: chrome=103.0.5060.134)
Build info: version: '4.2.2', revision: '683ccb65d6'
System info: host: 'LAPTOP-GAODKJDU', ip: '192.168.1.14', os.name: 'Windows 11', os.arch: 'amd64', os.version: '10.0', java.version: '11.0.15.1'
Driver info: org.openqa.selenium.chrome.ChromeDriver
Command: [27aaea7ddd51f4b410d01dbfda3f6b6b, findElements {using=xpath, value=//button[text()='Ok']}]
Capabilities {acceptInsecureCerts: false, browserName: chrome, browserVersion: 103.0.5060.134, chrome: {chromedriverVersion: 103.0.5060.134 (8ec6fce403b..., userDataDir: C:\Users\Dmitrii\AppData\Lo...}, goog:chromeOptions: {debuggerAddress: localhost:61543}, networkConnectionEnabled: false, pageLoadStrategy: normal, platformName: WINDOWS, proxy: Proxy(), se:cdp: ws://localhost:61543/devtoo..., se:cdpVersion: 103.0.5060.134, setWindowRect: true, strictFileInteractability: false, timeouts: {implicit: 0, pageLoad: 300000, script: 30000}, unhandledPromptBehavior: dismiss and notify, webauthn:extension:credBlob: true, webauthn:extension:largeBlob: true, webauthn:virtualAuthenticators: true}
Session ID: 27aaea7ddd51f4b410d01dbfda3f6b6b
